{"/Users/james/Dev/playground/blackjack/src/cards/AceCard.ts": {"path":"/Users/james/Dev/playground/blackjack/src/cards/AceCard.ts","statementMap":{"0":{"start":{"line":1,"column":0},"end":{"line":1,"column":36}},"1":{"start":{"line":5,"column":4},"end":{"line":5,"column":21}},"2":{"start":{"line":8,"column":14},"end":{"line":8,"column":21}},"3":{"start":{"line":8,"column":20},"end":{"line":8,"column":21}},"4":{"start":{"line":9,"column":14},"end":{"line":9,"column":22}},"5":{"start":{"line":9,"column":20},"end":{"line":9,"column":22}},"6":{"start":{"line":3,"column":0},"end":{"line":3,"column":13}}},"fnMap":{"0":{"name":"(anonymous_1)","decl":{"start":{"line":4,"column":2},"end":{"line":4,"column":14}},"loc":{"start":{"line":4,"column":24},"end":{"line":6,"column":3}}},"1":{"name":"(anonymous_2)","decl":{"start":{"line":8,"column":14},"end":{"line":8,"column":17}},"loc":{"start":{"line":8,"column":20},"end":{"line":8,"column":21}}},"2":{"name":"(anonymous_3)","decl":{"start":{"line":9,"column":14},"end":{"line":9,"column":17}},"loc":{"start":{"line":9,"column":20},"end":{"line":9,"column":22}}}},"branchMap":{},"s":{"0":6,"1":84,"2":84,"3":14,"4":84,"5":15,"6":6},"f":{"0":84,"1":14,"2":15},"b":{}}
,"/Users/james/Dev/playground/blackjack/src/cards/Card.ts": {"path":"/Users/james/Dev/playground/blackjack/src/cards/Card.ts","statementMap":{"0":{"start":{"line":6,"column":24},"end":{"line":6,"column":45}},"1":{"start":{"line":6,"column":57},"end":{"line":6,"column":67}},"2":{"start":{"line":11,"column":13},"end":{"line":18,"column":3}},"3":{"start":{"line":13,"column":6},"end":{"line":16,"column":11}},"4":{"start":{"line":17,"column":4},"end":{"line":17,"column":null}},"5":{"start":{"line":5,"column":0},"end":{"line":5,"column":30}}},"fnMap":{"0":{"name":"(anonymous_0)","decl":{"start":{"line":6,"column":2},"end":{"line":6,"column":24}},"loc":{"start":{"line":6,"column":67},"end":{"line":6,"column":71}}},"1":{"name":"(anonymous_1)","decl":{"start":{"line":11,"column":13},"end":{"line":11,"column":16}},"loc":{"start":{"line":11,"column":18},"end":{"line":18,"column":3}}}},"branchMap":{"0":{"loc":{"start":{"line":13,"column":6},"end":{"line":16,"column":11}},"type":"cond-expr","locations":[{"start":{"line":13,"column":29},"end":{"line":13,"column":32}},{"start":{"line":14,"column":8},"end":{"line":16,"column":11}}]},"1":{"loc":{"start":{"line":14,"column":8},"end":{"line":16,"column":11}},"type":"cond-expr","locations":[{"start":{"line":14,"column":34},"end":{"line":14,"column":37}},{"start":{"line":15,"column":8},"end":{"line":16,"column":11}}]},"2":{"loc":{"start":{"line":15,"column":8},"end":{"line":16,"column":11}},"type":"cond-expr","locations":[{"start":{"line":15,"column":32},"end":{"line":15,"column":35}},{"start":{"line":16,"column":8},"end":{"line":16,"column":11}}]}},"s":{"0":984,"1":984,"2":984,"3":6,"4":6,"5":9},"f":{"0":984,"1":6},"b":{"0":[3,3],"1":[1,2],"2":[1,1]}}
,"/Users/james/Dev/playground/blackjack/src/cards/FaceCard.ts": {"path":"/Users/james/Dev/playground/blackjack/src/cards/FaceCard.ts","statementMap":{"0":{"start":{"line":1,"column":0},"end":{"line":1,"column":36}},"1":{"start":{"line":5,"column":4},"end":{"line":5,"column":22}},"2":{"start":{"line":8,"column":14},"end":{"line":8,"column":22}},"3":{"start":{"line":8,"column":20},"end":{"line":8,"column":22}},"4":{"start":{"line":9,"column":14},"end":{"line":9,"column":22}},"5":{"start":{"line":9,"column":20},"end":{"line":9,"column":22}},"6":{"start":{"line":3,"column":0},"end":{"line":3,"column":13}}},"fnMap":{"0":{"name":"(anonymous_1)","decl":{"start":{"line":4,"column":2},"end":{"line":4,"column":14}},"loc":{"start":{"line":4,"column":43},"end":{"line":6,"column":3}}},"1":{"name":"(anonymous_2)","decl":{"start":{"line":8,"column":14},"end":{"line":8,"column":17}},"loc":{"start":{"line":8,"column":20},"end":{"line":8,"column":22}}},"2":{"name":"(anonymous_3)","decl":{"start":{"line":9,"column":14},"end":{"line":9,"column":17}},"loc":{"start":{"line":9,"column":20},"end":{"line":9,"column":22}}}},"branchMap":{},"s":{"0":6,"1":223,"2":223,"3":1,"4":223,"5":1,"6":6},"f":{"0":223,"1":1,"2":1},"b":{}}
,"/Users/james/Dev/playground/blackjack/src/cards/NumberCard.ts": {"path":"/Users/james/Dev/playground/blackjack/src/cards/NumberCard.ts","statementMap":{"0":{"start":{"line":1,"column":0},"end":{"line":1,"column":36}},"1":{"start":{"line":5,"column":4},"end":{"line":5,"column":22}},"2":{"start":{"line":8,"column":14},"end":{"line":8,"column":37}},"3":{"start":{"line":8,"column":20},"end":{"line":8,"column":37}},"4":{"start":{"line":9,"column":14},"end":{"line":9,"column":37}},"5":{"start":{"line":9,"column":20},"end":{"line":9,"column":37}},"6":{"start":{"line":3,"column":0},"end":{"line":3,"column":13}}},"fnMap":{"0":{"name":"(anonymous_1)","decl":{"start":{"line":4,"column":2},"end":{"line":4,"column":14}},"loc":{"start":{"line":4,"column":50},"end":{"line":6,"column":3}}},"1":{"name":"(anonymous_2)","decl":{"start":{"line":8,"column":14},"end":{"line":8,"column":17}},"loc":{"start":{"line":8,"column":20},"end":{"line":8,"column":37}}},"2":{"name":"(anonymous_3)","decl":{"start":{"line":9,"column":14},"end":{"line":9,"column":17}},"loc":{"start":{"line":9,"column":20},"end":{"line":9,"column":37}}}},"branchMap":{},"s":{"0":6,"1":673,"2":673,"3":42,"4":673,"5":17,"6":6},"f":{"0":673,"1":42,"2":17},"b":{}}
,"/Users/james/Dev/playground/blackjack/src/cards/index.ts": {"path":"/Users/james/Dev/playground/blackjack/src/cards/index.ts","statementMap":{"0":{"start":{"line":2,"column":0},"end":{"line":2,"column":36}},"1":{"start":{"line":3,"column":0},"end":{"line":3,"column":38}},"2":{"start":{"line":4,"column":0},"end":{"line":4,"column":42}},"3":{"start":{"line":6,"column":27},"end":{"line":19,"column":1}},"4":{"start":{"line":7,"column":2},"end":{"line":18,"column":null}},"5":{"start":{"line":9,"column":6},"end":{"line":9,"column":31}},"6":{"start":{"line":11,"column":6},"end":{"line":11,"column":37}},"7":{"start":{"line":13,"column":8},"end":{"line":13,"column":39}},"8":{"start":{"line":15,"column":6},"end":{"line":15,"column":37}},"9":{"start":{"line":17,"column":6},"end":{"line":17,"column":40}},"10":{"start":{"line":6,"column":13},"end":{"line":6,"column":27}}},"fnMap":{"0":{"name":"(anonymous_0)","decl":{"start":{"line":6,"column":27},"end":{"line":6,"column":28}},"loc":{"start":{"line":6,"column":60},"end":{"line":19,"column":1}}}},"branchMap":{"0":{"loc":{"start":{"line":7,"column":2},"end":{"line":18,"column":null}},"type":"switch","locations":[{"start":{"line":8,"column":4},"end":{"line":9,"column":31}},{"start":{"line":10,"column":4},"end":{"line":11,"column":37}},{"start":{"line":12,"column":4},"end":{"line":13,"column":39}},{"start":{"line":14,"column":4},"end":{"line":15,"column":37}},{"start":{"line":16,"column":4},"end":{"line":17,"column":40}}]}},"s":{"0":5,"1":5,"2":5,"3":5,"4":977,"5":83,"6":74,"7":74,"8":74,"9":672,"10":5},"f":{"0":977},"b":{"0":[83,74,74,74,672]}}
,"/Users/james/Dev/playground/blackjack/src/deck/CardCollection.ts": {"path":"/Users/james/Dev/playground/blackjack/src/deck/CardCollection.ts","statementMap":{"0":{"start":{"line":8,"column":22},"end":{"line":8,"column":36}},"1":{"start":{"line":9,"column":4},"end":{"line":9,"column":19}},"2":{"start":{"line":10,"column":4},"end":{"line":10,"column":22}},"3":{"start":{"line":11,"column":4},"end":{"line":11,"column":29}},"4":{"start":{"line":15,"column":4},"end":{"line":20,"column":null}},"5":{"start":{"line":16,"column":6},"end":{"line":19,"column":8}},"6":{"start":{"line":22,"column":4},"end":{"line":24,"column":null}},"7":{"start":{"line":23,"column":6},"end":{"line":23,"column":72}},"8":{"start":{"line":26,"column":4},"end":{"line":32,"column":null}},"9":{"start":{"line":27,"column":6},"end":{"line":27,"column":23}},"10":{"start":{"line":28,"column":6},"end":{"line":31,"column":8}},"11":{"start":{"line":34,"column":18},"end":{"line":34,"column":41}},"12":{"start":{"line":35,"column":4},"end":{"line":35,"column":17}},"13":{"start":{"line":36,"column":4},"end":{"line":39,"column":6}},"14":{"start":{"line":43,"column":4},"end":{"line":43,"column":28}},"15":{"start":{"line":52,"column":4},"end":{"line":52,"column":20}},"16":{"start":{"line":53,"column":4},"end":{"line":53,"column":24}},"17":{"start":{"line":57,"column":4},"end":{"line":57,"column":27}},"18":{"start":{"line":61,"column":4},"end":{"line":61,"column":22}},"19":{"start":{"line":65,"column":21},"end":{"line":65,"column":60}},"20":{"start":{"line":66,"column":4},"end":{"line":66,"column":34}},"21":{"start":{"line":68,"column":4},"end":{"line":68,"column":20}},"22":{"start":{"line":72,"column":4},"end":{"line":75,"column":29}},"23":{"start":{"line":73,"column":20},"end":{"line":73,"column":47}},"24":{"start":{"line":74,"column":22},"end":{"line":74,"column":37}},"25":{"start":{"line":75,"column":23},"end":{"line":75,"column":27}},"26":{"start":{"line":77,"column":4},"end":{"line":77,"column":62}},"27":{"start":{"line":77,"column":39},"end":{"line":77,"column":60}},"28":{"start":{"line":47,"column":0},"end":{"line":47,"column":30}}},"fnMap":{"0":{"name":"(anonymous_0)","decl":{"start":{"line":8,"column":2},"end":{"line":8,"column":22}},"loc":{"start":{"line":8,"column":36},"end":{"line":12,"column":3}}},"1":{"name":"(anonymous_1)","decl":{"start":{"line":14,"column":2},"end":{"line":14,"column":6}},"loc":{"start":{"line":14,"column":6},"end":{"line":40,"column":3}}},"2":{"name":"(anonymous_2)","decl":{"start":{"line":42,"column":2},"end":{"line":42,"column":12}},"loc":{"start":{"line":42,"column":12},"end":{"line":44,"column":3}}},"3":{"name":"(anonymous_3)","decl":{"start":{"line":51,"column":2},"end":{"line":51,"column":null}},"loc":{"start":{"line":51,"column":2},"end":{"line":54,"column":3}}},"4":{"name":"(anonymous_4)","decl":{"start":{"line":56,"column":2},"end":{"line":56,"column":3}},"loc":{"start":{"line":56,"column":19},"end":{"line":58,"column":3}}},"5":{"name":"(anonymous_5)","decl":{"start":{"line":60,"column":12},"end":{"line":60,"column":26}},"loc":{"start":{"line":60,"column":26},"end":{"line":62,"column":3}}},"6":{"name":"(anonymous_6)","decl":{"start":{"line":64,"column":2},"end":{"line":64,"column":10}},"loc":{"start":{"line":64,"column":10},"end":{"line":69,"column":3}}},"7":{"name":"(anonymous_7)","decl":{"start":{"line":71,"column":2},"end":{"line":71,"column":9}},"loc":{"start":{"line":71,"column":9},"end":{"line":78,"column":3}}},"8":{"name":"(anonymous_8)","decl":{"start":{"line":73,"column":11},"end":{"line":73,"column":15}},"loc":{"start":{"line":73,"column":20},"end":{"line":73,"column":47}}},"9":{"name":"(anonymous_9)","decl":{"start":{"line":74,"column":12},"end":{"line":74,"column":13}},"loc":{"start":{"line":74,"column":22},"end":{"line":74,"column":37}}},"10":{"name":"(anonymous_10)","decl":{"start":{"line":75,"column":11},"end":{"line":75,"column":12}},"loc":{"start":{"line":75,"column":23},"end":{"line":75,"column":27}}},"11":{"name":"(anonymous_11)","decl":{"start":{"line":77,"column":27},"end":{"line":77,"column":35}},"loc":{"start":{"line":77,"column":39},"end":{"line":77,"column":60}}}},"branchMap":{"0":{"loc":{"start":{"line":15,"column":4},"end":{"line":20,"column":null}},"type":"if","locations":[{"start":{"line":15,"column":4},"end":{"line":20,"column":null}}]},"1":{"loc":{"start":{"line":22,"column":4},"end":{"line":24,"column":null}},"type":"if","locations":[{"start":{"line":22,"column":4},"end":{"line":24,"column":null}}]},"2":{"loc":{"start":{"line":26,"column":4},"end":{"line":32,"column":null}},"type":"if","locations":[{"start":{"line":26,"column":4},"end":{"line":32,"column":null}}]}},"s":{"0":25,"1":25,"2":25,"3":25,"4":1430,"5":1,"6":1429,"7":1,"8":1428,"9":24,"10":24,"11":1404,"12":1404,"13":1404,"14":2,"15":31,"16":31,"17":23,"18":23,"19":25,"20":25,"21":25,"22":2,"23":26,"24":67,"25":26,"26":2,"27":2,"28":3},"f":{"0":25,"1":1430,"2":2,"3":31,"4":23,"5":23,"6":25,"7":2,"8":26,"9":67,"10":26,"11":2},"b":{"0":[1],"1":[1],"2":[24]}}
,"/Users/james/Dev/playground/blackjack/src/deck/Deck.ts": {"path":"/Users/james/Dev/playground/blackjack/src/deck/Deck.ts","statementMap":{"0":{"start":{"line":2,"column":0},"end":{"line":2,"column":45}},"1":{"start":{"line":4,"column":0},"end":{"line":4,"column":46}},"2":{"start":{"line":8,"column":4},"end":{"line":8,"column":12}},"3":{"start":{"line":10,"column":26},"end":{"line":10,"column":28}},"4":{"start":{"line":12,"column":26},"end":{"line":12,"column":67}},"5":{"start":{"line":13,"column":26},"end":{"line":13,"column":69}},"6":{"start":{"line":15,"column":4},"end":{"line":19,"column":7}},"7":{"start":{"line":16,"column":6},"end":{"line":18,"column":null}},"8":{"start":{"line":17,"column":8},"end":{"line":17,"column":44}},"9":{"start":{"line":21,"column":4},"end":{"line":21,"column":23}},"10":{"start":{"line":6,"column":0},"end":{"line":6,"column":21}}},"fnMap":{"0":{"name":"(anonymous_1)","decl":{"start":{"line":7,"column":2},"end":{"line":7,"column":null}},"loc":{"start":{"line":7,"column":2},"end":{"line":22,"column":3}}},"1":{"name":"(anonymous_2)","decl":{"start":{"line":15,"column":18},"end":{"line":15,"column":22}},"loc":{"start":{"line":15,"column":25},"end":{"line":19,"column":5}}},"2":{"name":"(anonymous_3)","decl":{"start":{"line":16,"column":20},"end":{"line":16,"column":24}},"loc":{"start":{"line":16,"column":27},"end":{"line":18,"column":7}}}},"branchMap":{},"s":{"0":2,"1":2,"2":18,"3":18,"4":18,"5":18,"6":18,"7":72,"8":936,"9":18,"10":2},"f":{"0":18,"1":72,"2":936},"b":{}}
,"/Users/james/Dev/playground/blackjack/src/deck/Shoe.ts": {"path":"/Users/james/Dev/playground/blackjack/src/deck/Shoe.ts","statementMap":{"0":{"start":{"line":2,"column":0},"end":{"line":2,"column":26}},"1":{"start":{"line":3,"column":0},"end":{"line":3,"column":46}},"2":{"start":{"line":10,"column":4},"end":{"line":10,"column":12}},"3":{"start":{"line":12,"column":4},"end":{"line":14,"column":null}},"4":{"start":{"line":13,"column":6},"end":{"line":13,"column":67}},"5":{"start":{"line":15,"column":4},"end":{"line":17,"column":null}},"6":{"start":{"line":16,"column":6},"end":{"line":16,"column":98}},"7":{"start":{"line":19,"column":4},"end":{"line":19,"column":23}},"8":{"start":{"line":20,"column":4},"end":{"line":20,"column":29}},"9":{"start":{"line":22,"column":4},"end":{"line":23,"column":30}},"10":{"start":{"line":22,"column":56},"end":{"line":22,"column":71}},"11":{"start":{"line":27,"column":4},"end":{"line":27,"column":22}},"12":{"start":{"line":31,"column":4},"end":{"line":34,"column":null}},"13":{"start":{"line":33,"column":6},"end":{"line":33,"column":33}},"14":{"start":{"line":37,"column":23},"end":{"line":37,"column":58}},"15":{"start":{"line":38,"column":23},"end":{"line":38,"column":54}},"16":{"start":{"line":40,"column":4},"end":{"line":40,"column":40}},"17":{"start":{"line":5,"column":0},"end":{"line":5,"column":21}}},"fnMap":{"0":{"name":"(anonymous_1)","decl":{"start":{"line":9,"column":2},"end":{"line":9,"column":14}},"loc":{"start":{"line":9,"column":41},"end":{"line":24,"column":3}}},"1":{"name":"(anonymous_2)","decl":{"start":{"line":22,"column":50},"end":{"line":22,"column":53}},"loc":{"start":{"line":22,"column":56},"end":{"line":22,"column":71}}},"2":{"name":"(anonymous_3)","decl":{"start":{"line":26,"column":2},"end":{"line":26,"column":13}},"loc":{"start":{"line":26,"column":13},"end":{"line":28,"column":3}}},"3":{"name":"(anonymous_4)","decl":{"start":{"line":30,"column":12},"end":{"line":30,"column":26}},"loc":{"start":{"line":30,"column":26},"end":{"line":41,"column":3}}}},"branchMap":{"0":{"loc":{"start":{"line":9,"column":29},"end":{"line":9,"column":41}},"type":"default-arg","locations":[{"start":{"line":9,"column":40},"end":{"line":9,"column":41}}]},"1":{"loc":{"start":{"line":12,"column":4},"end":{"line":14,"column":null}},"type":"if","locations":[{"start":{"line":12,"column":4},"end":{"line":14,"column":null}}]},"2":{"loc":{"start":{"line":12,"column":8},"end":{"line":12,"column":58}},"type":"binary-expr","locations":[{"start":{"line":12,"column":8},"end":{"line":12,"column":32}},{"start":{"line":12,"column":36},"end":{"line":12,"column":45}},{"start":{"line":12,"column":49},"end":{"line":12,"column":58}}]},"3":{"loc":{"start":{"line":15,"column":4},"end":{"line":17,"column":null}},"type":"if","locations":[{"start":{"line":15,"column":4},"end":{"line":17,"column":null}}]},"4":{"loc":{"start":{"line":15,"column":8},"end":{"line":15,"column":67}},"type":"binary-expr","locations":[{"start":{"line":15,"column":8},"end":{"line":15,"column":35}},{"start":{"line":15,"column":39},"end":{"line":15,"column":51}},{"start":{"line":15,"column":55},"end":{"line":15,"column":67}}]},"5":{"loc":{"start":{"line":31,"column":4},"end":{"line":34,"column":null}},"type":"if","locations":[{"start":{"line":31,"column":4},"end":{"line":34,"column":null}}]}},"s":{"0":1,"1":1,"2":9,"3":9,"4":3,"5":6,"6":3,"7":3,"8":3,"9":3,"10":17,"11":1,"12":2,"13":1,"14":1,"15":1,"16":1,"17":1},"f":{"0":9,"1":17,"2":1,"3":2},"b":{"0":[5],"1":[3],"2":[9,8,7],"3":[3],"4":[6,5,4],"5":[1]}}
,"/Users/james/Dev/playground/blackjack/src/hand/Hand.ts": {"path":"/Users/james/Dev/playground/blackjack/src/hand/Hand.ts","statementMap":{"0":{"start":{"line":7,"column":4},"end":{"line":7,"column":20}},"1":{"start":{"line":8,"column":4},"end":{"line":8,"column":42}},"2":{"start":{"line":8,"column":26},"end":{"line":8,"column":40}},"3":{"start":{"line":12,"column":4},"end":{"line":12,"column":41}},"4":{"start":{"line":16,"column":4},"end":{"line":16,"column":26}},"5":{"start":{"line":20,"column":4},"end":{"line":20,"column":29}},"6":{"start":{"line":24,"column":22},"end":{"line":24,"column":38}},"7":{"start":{"line":25,"column":4},"end":{"line":25,"column":42}},"8":{"start":{"line":25,"column":25},"end":{"line":25,"column":42}},"9":{"start":{"line":27,"column":4},"end":{"line":27,"column":28}},"10":{"start":{"line":31,"column":4},"end":{"line":31,"column":31}},"11":{"start":{"line":35,"column":4},"end":{"line":35,"column":29}},"12":{"start":{"line":39,"column":4},"end":{"line":39,"column":93}},"13":{"start":{"line":39,"column":38},"end":{"line":39,"column":53}},"14":{"start":{"line":43,"column":4},"end":{"line":45,"column":10}},"15":{"start":{"line":44,"column":6},"end":{"line":44,"column":38}},"16":{"start":{"line":49,"column":20},"end":{"line":49,"column":25}},"17":{"start":{"line":50,"column":4},"end":{"line":57,"column":10}},"18":{"start":{"line":51,"column":6},"end":{"line":55,"column":null}},"19":{"start":{"line":53,"column":8},"end":{"line":53,"column":25}},"20":{"start":{"line":54,"column":8},"end":{"line":54,"column":40}},"21":{"start":{"line":56,"column":6},"end":{"line":56,"column":38}},"22":{"start":{"line":3,"column":0},"end":{"line":3,"column":21}}},"fnMap":{"0":{"name":"(anonymous_0)","decl":{"start":{"line":6,"column":2},"end":{"line":6,"column":14}},"loc":{"start":{"line":6,"column":30},"end":{"line":9,"column":3}}},"1":{"name":"(anonymous_1)","decl":{"start":{"line":8,"column":18},"end":{"line":8,"column":22}},"loc":{"start":{"line":8,"column":26},"end":{"line":8,"column":40}}},"2":{"name":"(anonymous_2)","decl":{"start":{"line":11,"column":2},"end":{"line":11,"column":3}},"loc":{"start":{"line":11,"column":19},"end":{"line":13,"column":3}}},"3":{"name":"(anonymous_3)","decl":{"start":{"line":15,"column":2},"end":{"line":15,"column":5}},"loc":{"start":{"line":15,"column":16},"end":{"line":17,"column":3}}},"4":{"name":"(anonymous_4)","decl":{"start":{"line":19,"column":2},"end":{"line":19,"column":6}},"loc":{"start":{"line":19,"column":6},"end":{"line":21,"column":3}}},"5":{"name":"(anonymous_5)","decl":{"start":{"line":23,"column":2},"end":{"line":23,"column":7}},"loc":{"start":{"line":23,"column":7},"end":{"line":28,"column":3}}},"6":{"name":"(anonymous_6)","decl":{"start":{"line":30,"column":2},"end":{"line":30,"column":11}},"loc":{"start":{"line":30,"column":11},"end":{"line":32,"column":3}}},"7":{"name":"(anonymous_7)","decl":{"start":{"line":34,"column":2},"end":{"line":34,"column":8}},"loc":{"start":{"line":34,"column":8},"end":{"line":36,"column":3}}},"8":{"name":"(anonymous_8)","decl":{"start":{"line":38,"column":2},"end":{"line":38,"column":10}},"loc":{"start":{"line":38,"column":10},"end":{"line":40,"column":3}}},"9":{"name":"(anonymous_9)","decl":{"start":{"line":39,"column":30},"end":{"line":39,"column":34}},"loc":{"start":{"line":39,"column":38},"end":{"line":39,"column":53}}},"10":{"name":"(anonymous_10)","decl":{"start":{"line":42,"column":10},"end":{"line":42,"column":19}},"loc":{"start":{"line":42,"column":19},"end":{"line":46,"column":3}}},"11":{"name":"(anonymous_11)","decl":{"start":{"line":43,"column":29},"end":{"line":43,"column":30}},"loc":{"start":{"line":43,"column":45},"end":{"line":45,"column":5}}},"12":{"name":"(anonymous_12)","decl":{"start":{"line":48,"column":10},"end":{"line":48,"column":19}},"loc":{"start":{"line":48,"column":19},"end":{"line":58,"column":3}}},"13":{"name":"(anonymous_13)","decl":{"start":{"line":50,"column":29},"end":{"line":50,"column":30}},"loc":{"start":{"line":50,"column":45},"end":{"line":57,"column":5}}}},"branchMap":{"0":{"loc":{"start":{"line":25,"column":4},"end":{"line":25,"column":42}},"type":"if","locations":[{"start":{"line":25,"column":4},"end":{"line":25,"column":42}}]},"1":{"loc":{"start":{"line":51,"column":6},"end":{"line":55,"column":null}},"type":"if","locations":[{"start":{"line":51,"column":6},"end":{"line":55,"column":null}}]},"2":{"loc":{"start":{"line":51,"column":10},"end":{"line":51,"column":61}},"type":"binary-expr","locations":[{"start":{"line":51,"column":10},"end":{"line":51,"column":47}},{"start":{"line":51,"column":51},"end":{"line":51,"column":61}}]}},"s":{"0":10,"1":10,"2":21,"3":2,"4":23,"5":1,"6":10,"7":10,"8":6,"9":4,"10":2,"11":2,"12":1,"13":2,"14":4,"15":12,"16":10,"17":10,"18":24,"19":6,"20":6,"21":18,"22":1},"f":{"0":10,"1":21,"2":2,"3":23,"4":1,"5":10,"6":2,"7":2,"8":1,"9":2,"10":4,"11":12,"12":10,"13":24},"b":{"0":[6],"1":[6],"2":[24,8]}}
}
