TN:
SF:src/cards/AceCard.ts
FN:4,(anonymous_1)
FN:8,(anonymous_2)
FN:9,(anonymous_3)
FNF:3
FNH:3
FNDA:84,(anonymous_1)
FNDA:14,(anonymous_2)
FNDA:15,(anonymous_3)
DA:1,6
DA:3,6
DA:5,84
DA:8,84
DA:9,84
LF:5
LH:5
BRF:0
BRH:0
end_of_record
TN:
SF:src/cards/Card.ts
FN:6,(anonymous_0)
FN:11,(anonymous_1)
FNF:2
FNH:2
FNDA:984,(anonymous_0)
FNDA:6,(anonymous_1)
DA:5,9
DA:6,984
DA:11,984
DA:13,6
DA:17,6
LF:5
LH:5
BRDA:13,0,0,3
BRDA:13,0,1,3
BRDA:14,1,0,1
BRDA:14,1,1,2
BRDA:15,2,0,1
BRDA:15,2,1,1
BRF:6
BRH:6
end_of_record
TN:
SF:src/cards/FaceCard.ts
FN:4,(anonymous_1)
FN:8,(anonymous_2)
FN:9,(anonymous_3)
FNF:3
FNH:3
FNDA:223,(anonymous_1)
FNDA:1,(anonymous_2)
FNDA:1,(anonymous_3)
DA:1,6
DA:3,6
DA:5,223
DA:8,223
DA:9,223
LF:5
LH:5
BRF:0
BRH:0
end_of_record
TN:
SF:src/cards/NumberCard.ts
FN:4,(anonymous_1)
FN:8,(anonymous_2)
FN:9,(anonymous_3)
FNF:3
FNH:3
FNDA:673,(anonymous_1)
FNDA:42,(anonymous_2)
FNDA:17,(anonymous_3)
DA:1,6
DA:3,6
DA:5,673
DA:8,673
DA:9,673
LF:5
LH:5
BRF:0
BRH:0
end_of_record
TN:
SF:src/cards/index.ts
FN:6,(anonymous_0)
FNF:1
FNH:1
FNDA:977,(anonymous_0)
DA:2,5
DA:3,5
DA:4,5
DA:6,5
DA:7,977
DA:9,83
DA:11,74
DA:13,74
DA:15,74
DA:17,672
LF:10
LH:10
BRDA:7,0,0,83
BRDA:7,0,1,74
BRDA:7,0,2,74
BRDA:7,0,3,74
BRDA:7,0,4,672
BRF:5
BRH:5
end_of_record
TN:
SF:src/deck/CardCollection.ts
FN:8,(anonymous_0)
FN:14,(anonymous_1)
FN:42,(anonymous_2)
FN:51,(anonymous_3)
FN:56,(anonymous_4)
FN:60,(anonymous_5)
FN:64,(anonymous_6)
FN:71,(anonymous_7)
FN:73,(anonymous_8)
FN:74,(anonymous_9)
FN:75,(anonymous_10)
FN:77,(anonymous_11)
FNF:12
FNH:12
FNDA:25,(anonymous_0)
FNDA:1430,(anonymous_1)
FNDA:2,(anonymous_2)
FNDA:31,(anonymous_3)
FNDA:23,(anonymous_4)
FNDA:23,(anonymous_5)
FNDA:25,(anonymous_6)
FNDA:2,(anonymous_7)
FNDA:26,(anonymous_8)
FNDA:67,(anonymous_9)
FNDA:26,(anonymous_10)
FNDA:2,(anonymous_11)
DA:8,25
DA:9,25
DA:10,25
DA:11,25
DA:15,1430
DA:16,1
DA:22,1429
DA:23,1
DA:26,1428
DA:27,24
DA:28,24
DA:34,1404
DA:35,1404
DA:36,1404
DA:43,2
DA:47,3
DA:52,31
DA:53,31
DA:57,23
DA:61,23
DA:65,25
DA:66,25
DA:68,25
DA:72,2
DA:73,26
DA:74,67
DA:75,26
DA:77,2
LF:28
LH:28
BRDA:15,0,0,1
BRDA:22,1,0,1
BRDA:26,2,0,24
BRF:3
BRH:3
end_of_record
TN:
SF:src/deck/Deck.ts
FN:7,(anonymous_1)
FN:15,(anonymous_2)
FN:16,(anonymous_3)
FNF:3
FNH:3
FNDA:18,(anonymous_1)
FNDA:72,(anonymous_2)
FNDA:936,(anonymous_3)
DA:2,2
DA:4,2
DA:6,2
DA:8,18
DA:10,18
DA:12,18
DA:13,18
DA:15,18
DA:16,72
DA:17,936
DA:21,18
LF:11
LH:11
BRF:0
BRH:0
end_of_record
TN:
SF:src/deck/Shoe.ts
FN:9,(anonymous_1)
FN:22,(anonymous_2)
FN:26,(anonymous_3)
FN:30,(anonymous_4)
FNF:4
FNH:4
FNDA:9,(anonymous_1)
FNDA:17,(anonymous_2)
FNDA:1,(anonymous_3)
FNDA:2,(anonymous_4)
DA:2,1
DA:3,1
DA:5,1
DA:10,9
DA:12,9
DA:13,3
DA:15,6
DA:16,3
DA:19,3
DA:20,3
DA:22,17
DA:27,1
DA:31,2
DA:33,1
DA:37,1
DA:38,1
DA:40,1
LF:17
LH:17
BRDA:9,0,0,5
BRDA:12,1,0,3
BRDA:12,2,0,9
BRDA:12,2,1,8
BRDA:12,2,2,7
BRDA:15,3,0,3
BRDA:15,4,0,6
BRDA:15,4,1,5
BRDA:15,4,2,4
BRDA:31,5,0,1
BRF:10
BRH:10
end_of_record
TN:
SF:src/hand/Hand.ts
FN:6,(anonymous_0)
FN:8,(anonymous_1)
FN:11,(anonymous_2)
FN:15,(anonymous_3)
FN:19,(anonymous_4)
FN:23,(anonymous_5)
FN:30,(anonymous_6)
FN:34,(anonymous_7)
FN:38,(anonymous_8)
FN:39,(anonymous_9)
FN:42,(anonymous_10)
FN:43,(anonymous_11)
FN:48,(anonymous_12)
FN:50,(anonymous_13)
FNF:14
FNH:14
FNDA:10,(anonymous_0)
FNDA:21,(anonymous_1)
FNDA:2,(anonymous_2)
FNDA:23,(anonymous_3)
FNDA:1,(anonymous_4)
FNDA:10,(anonymous_5)
FNDA:2,(anonymous_6)
FNDA:2,(anonymous_7)
FNDA:1,(anonymous_8)
FNDA:2,(anonymous_9)
FNDA:4,(anonymous_10)
FNDA:12,(anonymous_11)
FNDA:10,(anonymous_12)
FNDA:24,(anonymous_13)
DA:3,1
DA:7,10
DA:8,21
DA:12,2
DA:16,23
DA:20,1
DA:24,10
DA:25,10
DA:27,4
DA:31,2
DA:35,2
DA:39,2
DA:43,4
DA:44,12
DA:49,10
DA:50,10
DA:51,24
DA:53,6
DA:54,6
DA:56,18
LF:20
LH:20
BRDA:25,0,0,6
BRDA:51,1,0,6
BRDA:51,2,0,24
BRDA:51,2,1,8
BRF:4
BRH:4
end_of_record
